<?xml version="1.0" encoding="UTF-8"?>
<!-- Generated by org.testng.reporters.JUnitXMLReporter -->
<testsuite hostname="DESKTOP-8V89QLP" ignored="0" name="Sanity" tests="6" failures="0" timestamp="26 Sep 2018 18:01:41 GMT" time="0.117" errors="0">
  <testcase name="addprodut" time="0.009" classname="TestNg.hardiktestNG"/>
  <testcase name="addvendor" time="0.0" classname="TestNg.hardiktestNG"/>
  <testcase name="addItem" time="0.001" classname="TestNg.hardiktestNG"/>
  <testcase name="Delectprodut" time="0.001" classname="TestNg.simple2"/>
  <testcase name="Delectvendor" time="0.001" classname="TestNg.simple2"/>
  <testcase name="DelectItem" time="0.001" classname="TestNg.simple2"/>
</testsuite> <!-- Sanity -->
